cell:
0.10566 0.10566    0.60566 0.10566    
0.39434 0.10566    0.89434 0.10566    
0.10566 0.39434    0.60566 0.39434    
0.39434 0.39434    0.89434 0.39434    

cell:
0.10566 0.10566    0.60566 0.10566    
0.39434 0.10566    0.89434 0.10566    
0.10566 0.39434    0.60566 0.39434    
0.39434 0.39434    0.89434 0.39434    
face:
0.10566 0.50000    0.60566 0.50000    
0.39434 0.50000    0.89434 0.50000    
face:
0.10566 0.00000    0.60566 0.00000    
0.39434 0.00000    0.89434 0.00000    
0.00000 0.10566    
0.00000 0.39434    
1.00000 0.10566    
1.00000 0.39434    
